#
# There is insufficient memory for the Java Runtime Environment to continue.
# Native memory allocation (mmap) failed to map 67108864 bytes for Failed to commit area from 0x00000000c0000000 to 0x00000000c4000000 of length 67108864.
# Possible reasons:
#   The system is out of physical RAM or swap space
#   The process is running with CompressedOops enabled, and the Java Heap may be blocking the growth of the native heap
# Possible solutions:
#   Reduce memory load on the system
#   Increase physical memory or swap space
#   Check if swap backing store is full
#   Decrease Java heap size (-Xmx/-Xms)
#   Decrease number of Java threads
#   Decrease Java thread stack sizes (-Xss)
#   Set larger code cache with -XX:ReservedCodeCacheSize=
# This output file may be truncated or incomplete.
#
#  Out of Memory Error (t:/workspace/open/src/hotspot/os/windows/os_windows.cpp:3301), pid=6956, tid=8976
#
# JRE version:  (13.0.2+8) (build )
# Java VM: Java HotSpot(TM) 64-Bit Server VM (13.0.2+8, mixed mode, aot, sharing, tiered, compressed oops, g1 gc, windows-amd64)
# No core dump will be written. Minidumps are not enabled by default on client versions of Windows
#

---------------  S U M M A R Y ------------

Command Line: -Dclassworlds.conf=C:\Program Files\NetBeans-11.3\netbeans\java\maven\bin\m2.conf -Dmaven.home=C:\Program Files\NetBeans-11.3\netbeans\java\maven -Dmaven.multiModuleProjectDirectory=C:\Users\SylvainPro\Documents\NetBeansProjects\API-LaSocieteNouvelle org.codehaus.plexus.classworlds.launcher.Launcher -Dnetbeans.deploy=true -Dmaven.ext.class.path=C:\Program Files\NetBeans-11.3\netbeans\java\maven-nblib\netbeans-eventspy.jar -Dfile.encoding=UTF-8 package

Host: Intel(R) Xeon(R) Platinum 8272CL CPU @ 2.60GHz, 2 cores, 3G,  Windows 10 , 64 bit Build 18362 (10.0.18362.1350)
Time: Wed Apr  7 10:46:34 2021 Temps universel coordonné elapsed time: 0 seconds (0d 0h 0m 0s)

---------------  T H R E A D  ---------------

Current thread (0x0000025385aac800):  JavaThread "Unknown thread" [_thread_in_vm, id=8976, stack(0x000000a7fbf00000,0x000000a7fc000000)]

Stack: [0x000000a7fbf00000,0x000000a7fc000000]
Native frames: (J=compiled Java code, j=interpreted, Vv=VM code, C=native code)
V  [jvm.dll+0x624f9a]
V  [jvm.dll+0x770cfa]
V  [jvm.dll+0x7724af]
V  [jvm.dll+0x772ab3]
V  [jvm.dll+0x24bf08]
V  [jvm.dll+0x6222aa]
V  [jvm.dll+0x6170b5]
V  [jvm.dll+0x30a88c]
V  [jvm.dll+0x30a6c2]
V  [jvm.dll+0x30fe36]
V  [jvm.dll+0x353f46]
V  [jvm.dll+0x353720]
V  [jvm.dll+0x2e550a]
V  [jvm.dll+0x2e67a2]
V  [jvm.dll+0x74dd78]
V  [jvm.dll+0x361989]
V  [jvm.dll+0x730e65]
V  [jvm.dll+0x3cc53f]
V  [jvm.dll+0x3ce861]
C  [jli.dll+0x51ff]
C  [ucrtbase.dll+0x210b2]
C  [KERNEL32.DLL+0x17c24]
C  [ntdll.dll+0x6d721]


---------------  P R O C E S S  ---------------

Threads class SMR info:
_java_thread_list=0x00007ffac3cfccb8, length=0, elements={
}

Java Threads: ( => current thread )

Other Threads:
  0x0000025385adb000 GCTaskThread "GC Thread#0" [stack: 0x000000a7fc000000,0x000000a7fc100000] [id=7528]
  0x0000025385ae5000 ConcurrentGCThread "G1 Main Marker" [stack: 0x000000a7fc100000,0x000000a7fc200000] [id=3692]
  0x0000025385ae7800 ConcurrentGCThread "G1 Conc#0" [stack: 0x000000a7fc200000,0x000000a7fc300000] [id=4012]

[error occurred during error reporting (printing all threads), id 0xc0000005, EXCEPTION_ACCESS_VIOLATION (0xc0000005) at pc=0x00007ffac35351d7]

VM state:not at safepoint (not fully initialized)

VM Mutex/Monitor currently owned by a thread:  ([mutex/lock_event])
[0x0000025385aa8ac0] Heap_lock - owner thread: 0x0000025385aac800

Heap address: 0x00000000c0000000, size: 1024 MB, Compressed Oops mode: Non-zero based: 0x00000000c0000000
Narrow klass base: 0x0000000000000000, Narrow klass shift: 0

GC Heap History (0 events):
No events

Deoptimization events (0 events):
No events

Classes unloaded (0 events):
No events

Classes redefined (0 events):
No events

Internal exceptions (0 events):
No events

Events (8 events):
Event: 0.006 Loaded shared library C:\Program Files\Java\jdk-13.0.2\bin\zip.dll
Event: 0.006 Loaded shared library C:\Program Files\Java\jdk-13.0.2\bin\jimage.dll
Event: 0.007 Loading shared library C:\Program Files\Java\jdk-13.0.2\lib\libjava.base-coop.dll failed, error code 126
Event: 0.007 Loading shared library C:\Program Files\Java\jdk-13.0.2\lib\libjava.logging-coop.dll failed, error code 126
Event: 0.007 Loading shared library C:\Program Files\Java\jdk-13.0.2\lib\libjdk.compiler-coop.dll failed, error code 126
Event: 0.008 Loading shared library C:\Program Files\Java\jdk-13.0.2\lib\libjdk.scripting.nashorn-coop.dll failed, error code 126
Event: 0.008 Loading shared library C:\Program Files\Java\jdk-13.0.2\lib\libjdk.internal.vm.ci-coop.dll failed, error code 126
Event: 0.008 Loading shared library C:\Program Files\Java\jdk-13.0.2\lib\libjdk.internal.vm.compiler-coop.dll failed, error code 126


Dynamic libraries:
0x00007ff7f17b0000 - 0x00007ff7f17bf000 	C:\Program Files\Java\jdk-13.0.2\bin\java.exe
0x00007ffb0c900000 - 0x00007ffb0caf0000 	C:\WINDOWS\SYSTEM32\ntdll.dll
0x00007ffb0b800000 - 0x00007ffb0b8b2000 	C:\WINDOWS\System32\KERNEL32.DLL
0x00007ffb09970000 - 0x00007ffb09c15000 	C:\WINDOWS\System32\KERNELBASE.dll
0x00007ffb0a6c0000 - 0x00007ffb0a7ba000 	C:\WINDOWS\System32\ucrtbase.dll
0x00007ffafa440000 - 0x00007ffafa458000 	C:\Program Files\Java\jdk-13.0.2\bin\jli.dll
0x00007ffb0af30000 - 0x00007ffb0afd3000 	C:\WINDOWS\System32\ADVAPI32.dll
0x00007ffb0b180000 - 0x00007ffb0b21e000 	C:\WINDOWS\System32\msvcrt.dll
0x00007ffb0c680000 - 0x00007ffb0c717000 	C:\WINDOWS\System32\sechost.dll
0x00007ffb0bdc0000 - 0x00007ffb0bedf000 	C:\WINDOWS\System32\RPCRT4.dll
0x00007ffb0afe0000 - 0x00007ffb0b174000 	C:\WINDOWS\System32\USER32.dll
0x00007ffb09920000 - 0x00007ffb09941000 	C:\WINDOWS\System32\win32u.dll
0x00007ffb0b220000 - 0x00007ffb0b246000 	C:\WINDOWS\System32\GDI32.dll
0x00007ffb0a7c0000 - 0x00007ffb0a958000 	C:\WINDOWS\System32\gdi32full.dll
0x00007ffb09c50000 - 0x00007ffb09cee000 	C:\WINDOWS\System32\msvcp_win.dll
0x00007ffaff100000 - 0x00007ffaff115000 	C:\Program Files\Java\jdk-13.0.2\bin\VCRUNTIME140.dll
0x00007ffafc580000 - 0x00007ffafc804000 	C:\WINDOWS\WinSxS\amd64_microsoft.windows.common-controls_6595b64144ccf1df_6.0.18362.1440_none_9e7dbfb9e45e8e67\COMCTL32.dll
0x00007ffb0ba80000 - 0x00007ffb0bdb6000 	C:\WINDOWS\System32\combase.dll
0x00007ffb09d50000 - 0x00007ffb09dd1000 	C:\WINDOWS\System32\bcryptPrimitives.dll
0x00007ffb01160000 - 0x00007ffb0116a000 	C:\WINDOWS\SYSTEM32\VERSION.dll
0x00007ffb0bee0000 - 0x00007ffb0bf0e000 	C:\WINDOWS\System32\IMM32.DLL
0x00007ffafa9b0000 - 0x00007ffafaa4b000 	C:\Program Files\Java\jdk-13.0.2\bin\msvcp140.dll
0x00007ffac3240000 - 0x00007ffac3d9d000 	C:\Program Files\Java\jdk-13.0.2\bin\server\jvm.dll
0x00007ffb0ba70000 - 0x00007ffb0ba78000 	C:\WINDOWS\System32\PSAPI.DLL
0x00007ffad6750000 - 0x00007ffad6759000 	C:\WINDOWS\SYSTEM32\WSOCK32.dll
0x00007ffb06ce0000 - 0x00007ffb06d04000 	C:\WINDOWS\SYSTEM32\WINMM.dll
0x00007ffb0b930000 - 0x00007ffb0b99f000 	C:\WINDOWS\System32\WS2_32.dll
0x00007ffb062a0000 - 0x00007ffb062cd000 	C:\WINDOWS\SYSTEM32\WINMMBASE.dll
0x00007ffb0a960000 - 0x00007ffb0a9aa000 	C:\WINDOWS\System32\cfgmgr32.dll
0x00007ffb09850000 - 0x00007ffb09861000 	C:\WINDOWS\System32\kernel.appcore.dll
0x00007ffb050e0000 - 0x00007ffb050f0000 	C:\Program Files\Java\jdk-13.0.2\bin\verify.dll
0x00007ffaf9fa0000 - 0x00007ffafa194000 	C:\WINDOWS\SYSTEM32\DBGHELP.DLL
0x00007ffaf9f10000 - 0x00007ffaf9f3a000 	C:\WINDOWS\SYSTEM32\dbgcore.DLL
0x00007ffaff050000 - 0x00007ffaff076000 	C:\Program Files\Java\jdk-13.0.2\bin\java.dll
0x00007ffafb080000 - 0x00007ffafb097000 	C:\Program Files\Java\jdk-13.0.2\bin\zip.dll
0x00007ffb04550000 - 0x00007ffb0455a000 	C:\Program Files\Java\jdk-13.0.2\bin\jimage.dll

dbghelp: loaded successfully - version: 4.0.5 - missing functions: none
symbol engine: initialized successfully - sym options: 0x614 - pdb path: .;C:\Program Files\Java\jdk-13.0.2\bin;C:\WINDOWS\SYSTEM32;C:\WINDOWS\WinSxS\amd64_microsoft.windows.common-controls_6595b64144ccf1df_6.0.18362.1440_none_9e7dbfb9e45e8e67;C:\Program Files\Java\jdk-13.0.2\bin\server

VM Arguments:
jvm_args: -Dclassworlds.conf=C:\Program Files\NetBeans-11.3\netbeans\java\maven\bin\m2.conf -Dmaven.home=C:\Program Files\NetBeans-11.3\netbeans\java\maven -Dmaven.multiModuleProjectDirectory=C:\Users\SylvainPro\Documents\NetBeansProjects\API-LaSocieteNouvelle 
java_command: org.codehaus.plexus.classworlds.launcher.Launcher -Dnetbeans.deploy=true -Dmaven.ext.class.path=C:\Program Files\NetBeans-11.3\netbeans\java\maven-nblib\netbeans-eventspy.jar -Dfile.encoding=UTF-8 package
java_class_path (initial): C:\Program Files\NetBeans-11.3\netbeans\java\maven\boot\plexus-classworlds-2.5.2.jar
Launcher Type: SUN_STANDARD

[Global flags]
     intx CICompilerCount                          = 2                                         {product} {ergonomic}
     uint ConcGCThreads                            = 1                                         {product} {ergonomic}
     uint G1ConcRefinementThreads                  = 2                                         {product} {ergonomic}
   size_t G1HeapRegionSize                         = 1048576                                   {product} {ergonomic}
    uintx GCDrainStackTargetSize                   = 64                                        {product} {ergonomic}
   size_t InitialHeapSize                          = 67108864                                  {product} {ergonomic}
   size_t MarkStackSize                            = 4194304                                   {product} {ergonomic}
   size_t MaxHeapSize                              = 1073741824                                {product} {ergonomic}
   size_t MinHeapDeltaBytes                        = 1048576                                   {product} {ergonomic}
   size_t MinHeapSize                              = 8388608                                   {product} {ergonomic}
    uintx NonNMethodCodeHeapSize                   = 5826188                                {pd product} {ergonomic}
    uintx NonProfiledCodeHeapSize                  = 122916026                              {pd product} {ergonomic}
    uintx ProfiledCodeHeapSize                     = 122916026                              {pd product} {ergonomic}
    uintx ReservedCodeCacheSize                    = 251658240                              {pd product} {ergonomic}
     bool SegmentedCodeCache                       = true                                      {product} {ergonomic}
   size_t SoftMaxHeapSize                          = 1073741824                             {manageable} {ergonomic}
     bool UseCompressedClassPointers               = true                                 {lp64_product} {ergonomic}
     bool UseCompressedOops                        = true                                 {lp64_product} {ergonomic}
     bool UseG1GC                                  = true                                      {product} {ergonomic}
     bool UseLargePagesIndividualAllocation        = false                                  {pd product} {ergonomic}

Logging:
Log output configuration:
 #0: stdout all=warning uptime,level,tags
 #1: stderr all=off uptime,level,tags

Environment Variables:
JAVA_HOME=C:\Program Files\Java\jdk-13.0.2
PATH=C:\Python39\Scripts\;C:\Python39\;C:\Program Files (x86)\Common Files\Oracle\Java\javapath;C:\WINDOWS\system32;C:\WINDOWS;C:\WINDOWS\System32\Wbem;C:\WINDOWS\System32\WindowsPowerShell\v1.0\;C:\WINDOWS\System32\OpenSSH\;C:\Program Files\Git\cmd;C:\Program Files\nodejs\;C:\ProgramData\chocolatey\bin;C:\Users\SylvainPro\AppData\Local\Microsoft\WindowsApps;;C:\Program Files\JetBrains\IntelliJ IDEA Community Edition 2019.3.3\bin;;C:\Program Files\JetBrains\IntelliJ IDEA 2019.3.3\bin;;C:\Users\SylvainPro\AppData\Roaming\npm;C:\Users\SylvainPro\AppData\Local\Programs\Microsoft VS Code\bin
USERNAME=SylvainPro
OS=Windows_NT
PROCESSOR_IDENTIFIER=Intel64 Family 6 Model 85 Stepping 7, GenuineIntel



---------------  S Y S T E M  ---------------

OS: Windows 10 , 64 bit Build 18362 (10.0.18362.1350)
HyperV virtualization detected

CPU:total 2 (initial active 2) (2 cores per cpu, 1 threads per core) family 6 model 85 stepping 7, cmov, cx8, fxsr, mmx, sse, sse2, sse3, ssse3, sse4.1, sse4.2, popcnt, avx, avx2, aes, clmul, erms, rtm, 3dnowpref, lzcnt, tsc, bmi1, bmi2, adx, evex, fma

Memory: 4k page, system-wide physical 4095M (415M free)
TotalPageFile size 5119M (AvailPageFile size 31M)
current process WorkingSet (physical memory assigned to process): 10M, peak: 10M
current process commit charge ("private bytes"): 47M, peak: 111M

vm_info: Java HotSpot(TM) 64-Bit Server VM (13.0.2+8) for windows-amd64 JRE (13.0.2+8), built on Dec 11 2019 09:20:33 by "mach5one" with unknown MS VC++:1916

END.
