#
# There is insufficient memory for the Java Runtime Environment to continue.
# Native memory allocation (malloc) failed to allocate 32744 bytes for ChunkPool::allocate
# Possible reasons:
#   The system is out of physical RAM or swap space
#   The process is running with CompressedOops enabled, and the Java Heap may be blocking the growth of the native heap
# Possible solutions:
#   Reduce memory load on the system
#   Increase physical memory or swap space
#   Check if swap backing store is full
#   Decrease Java heap size (-Xmx/-Xms)
#   Decrease number of Java threads
#   Decrease Java thread stack sizes (-Xss)
#   Set larger code cache with -XX:ReservedCodeCacheSize=
#   JVM is running with Unscaled Compressed Oops mode in which the Java heap is
#     placed in the first 4GB address space. The Java Heap base address is the
#     maximum limit for the native heap growth. Please use -XX:HeapBaseMinAddress
#     to set the Java Heap base and to place the Java Heap above 4GB virtual address.
# This output file may be truncated or incomplete.
#
#  Out of Memory Error (t:/workspace/open/src/hotspot/share/memory/arena.cpp:80), pid=5392, tid=7588
#
# JRE version: Java(TM) SE Runtime Environment (13.0.2+8) (build 13.0.2+8)
# Java VM: Java HotSpot(TM) 64-Bit Server VM (13.0.2+8, mixed mode, sharing, tiered, compressed oops, g1 gc, windows-amd64)
# No core dump will be written. Minidumps are not enabled by default on client versions of Windows
#

---------------  S U M M A R Y ------------

Command Line: -Dclassworlds.conf=C:\Program Files\NetBeans-11.3\netbeans\java\maven\bin\m2.conf -Dmaven.home=C:\Program Files\NetBeans-11.3\netbeans\java\maven -Dmaven.multiModuleProjectDirectory=C:\Users\SylvainPro\Documents\NetBeansProjects\API-LaSocieteNouvelle org.codehaus.plexus.classworlds.launcher.Launcher -Dmaven.ext.class.path=C:\Program Files\NetBeans-11.3\netbeans\java\maven-nblib\netbeans-eventspy.jar -Dfile.encoding=UTF-8 clean install

Host: Intel(R) Xeon(R) Platinum 8171M CPU @ 2.60GHz, 2 cores, 3G,  Windows 10 , 64 bit Build 18362 (10.0.18362.1350)
Time: Mon Mar 29 17:18:26 2021 Temps universel coordonné elapsed time: 0 seconds (0d 0h 0m 0s)

---------------  T H R E A D  ---------------

Current thread (0x00000136bc954000):  JavaThread "C2 CompilerThread0" daemon [_thread_in_native, id=7588, stack(0x000000293b300000,0x000000293b400000)]


Current CompileTask:
C2:    542  616       4       sun.util.locale.BaseLocale::getInstance (186 bytes)

Stack: [0x000000293b300000,0x000000293b400000]
Native frames: (J=compiled Java code, j=interpreted, Vv=VM code, C=native code)
V  [jvm.dll+0x624f9a]
V  [jvm.dll+0x770cfa]
V  [jvm.dll+0x7724af]
V  [jvm.dll+0x772ab3]
V  [jvm.dll+0x24bf08]
V  [jvm.dll+0xc2076]
V  [jvm.dll+0xc23cc]
V  [jvm.dll+0x2be14c]
V  [jvm.dll+0x5441fd]
V  [jvm.dll+0x20de66]
V  [jvm.dll+0x207318]
V  [jvm.dll+0x204d1d]
V  [jvm.dll+0x189c2c]
V  [jvm.dll+0x213e6d]
V  [jvm.dll+0x2120bb]
V  [jvm.dll+0x736bb6]
V  [jvm.dll+0x72fcaa]
V  [jvm.dll+0x623ea6]
C  [ucrtbase.dll+0x210b2]
C  [KERNEL32.DLL+0x17c24]
C  [ntdll.dll+0x6d721]


---------------  P R O C E S S  ---------------

Threads class SMR info:
_java_thread_list=0x00000136bd3b5d80, length=10, elements={
0x000001369ed8d000, 0x00000136bc931000, 0x00000136bc932000, 0x00000136bc94e800,
0x00000136bc951000, 0x00000136bc954000, 0x00000136bc9b9000, 0x00000136bc9e0800,
0x00000136bd3c5800, 0x00000136bd3d9800
}

Java Threads: ( => current thread )
  0x000001369ed8d000 JavaThread "main" [_thread_in_vm, id=6092, stack(0x000000293a800000,0x000000293a900000)]
  0x00000136bc931000 JavaThread "Reference Handler" daemon [_thread_blocked, id=4836, stack(0x000000293af00000,0x000000293b000000)]
  0x00000136bc932000 JavaThread "Finalizer" daemon [_thread_blocked, id=4664, stack(0x000000293b000000,0x000000293b100000)]
  0x00000136bc94e800 JavaThread "Signal Dispatcher" daemon [_thread_blocked, id=6072, stack(0x000000293b100000,0x000000293b200000)]
  0x00000136bc951000 JavaThread "Attach Listener" daemon [_thread_blocked, id=7684, stack(0x000000293b200000,0x000000293b300000)]
=>0x00000136bc954000 JavaThread "C2 CompilerThread0" daemon [_thread_in_native, id=7588, stack(0x000000293b300000,0x000000293b400000)]
  0x00000136bc9b9000 JavaThread "C1 CompilerThread0" daemon [_thread_in_native, id=7432, stack(0x000000293b400000,0x000000293b500000)]
  0x00000136bc9e0800 JavaThread "Sweeper thread" daemon [_thread_blocked, id=520, stack(0x000000293b500000,0x000000293b600000)]
  0x00000136bd3c5800 JavaThread "Service Thread" daemon [_thread_blocked, id=2096, stack(0x000000293b600000,0x000000293b700000)]
  0x00000136bd3d9800 JavaThread "Common-Cleaner" daemon [_thread_blocked, id=3428, stack(0x000000293b800000,0x000000293b900000)]

Other Threads:
  0x000001369ee5e800 VMThread "VM Thread" [stack: 0x000000293ae00000,0x000000293af00000] [id=5196]
  0x00000136bd3cb800 WatcherThread [stack: 0x000000293b700000,0x000000293b800000] [id=7728]
  0x000001369edbb800 GCTaskThread "GC Thread#0" [stack: 0x000000293a900000,0x000000293aa00000] [id=4700]
  0x00000136bd824800 GCTaskThread "GC Thread#1" [stack: 0x000000293b900000,0x000000293ba00000] [id=5208]
  0x000001369edc5800 ConcurrentGCThread "G1 Main Marker" [stack: 0x000000293aa00000,0x000000293ab00000] [id=5688]
  0x000001369edc7000 ConcurrentGCThread "G1 Conc#0" [stack: 0x000000293ab00000,0x000000293ac00000] [id=6668]
  0x000001369ee16000 ConcurrentGCThread "G1 Refine#0" [stack: 0x000000293ac00000,0x000000293ad00000] [id=7408]
  0x00000136bd836000 ConcurrentGCThread "G1 Refine#1" [stack: 0x000000293ba00000,0x000000293bb00000] [id=6420]
  0x000001369ee18800 ConcurrentGCThread "G1 Young RemSet Sampling" [stack: 0x000000293ad00000,0x000000293ae00000] [id=1216]

Threads with active compile tasks:
C2 CompilerThread0      581  616       4       sun.util.locale.BaseLocale::getInstance (186 bytes)
C1 CompilerThread0      581  635       3       java.util.WeakHashMap::put (162 bytes)

VM state:not at safepoint (normal execution)

VM Mutex/Monitor currently owned by a thread: None

Heap address: 0x00000000c0000000, size: 1024 MB, Compressed Oops mode: 32-bit
Narrow klass base: 0x0000000800000000, Narrow klass shift: 3
Compressed class space size: 1073741824 Address: 0x0000000800b40000

Heap:
 garbage-first heap   total 65536K, used 4660K [0x00000000c0000000, 0x0000000100000000)
  region size 1024K, 4 young (4096K), 1 survivors (1024K)
 Metaspace       used 2585K, capacity 5997K, committed 6272K, reserved 1056768K
  class space    used 284K, capacity 617K, committed 640K, reserved 1048576K
Heap Regions: E=young(eden), S=young(survivor), O=old, HS=humongous(starts), HC=humongous(continues), CS=collection set, F=free, A=archive, TAMS=top-at-mark-start (previous, next)
|   0|0x00000000c0000000, 0x00000000c0100000, 0x00000000c0100000|100%| O|  |TAMS 0x00000000c0000000, 0x00000000c0000000| Untracked 
|   1|0x00000000c0100000, 0x00000000c018d000, 0x00000000c0200000| 55%| O|  |TAMS 0x00000000c0100000, 0x00000000c0100000| Untracked 
|   2|0x00000000c0200000, 0x00000000c0200000, 0x00000000c0300000|  0%| F|  |TAMS 0x00000000c0200000, 0x00000000c0200000| Untracked 
|   3|0x00000000c0300000, 0x00000000c0300000, 0x00000000c0400000|  0%| F|  |TAMS 0x00000000c0300000, 0x00000000c0300000| Untracked 
|   4|0x00000000c0400000, 0x00000000c0400000, 0x00000000c0500000|  0%| F|  |TAMS 0x00000000c0400000, 0x00000000c0400000| Untracked 
|   5|0x00000000c0500000, 0x00000000c0500000, 0x00000000c0600000|  0%| F|  |TAMS 0x00000000c0500000, 0x00000000c0500000| Untracked 
|   6|0x00000000c0600000, 0x00000000c0600000, 0x00000000c0700000|  0%| F|  |TAMS 0x00000000c0600000, 0x00000000c0600000| Untracked 
|   7|0x00000000c0700000, 0x00000000c0700000, 0x00000000c0800000|  0%| F|  |TAMS 0x00000000c0700000, 0x00000000c0700000| Untracked 
|   8|0x00000000c0800000, 0x00000000c0800000, 0x00000000c0900000|  0%| F|  |TAMS 0x00000000c0800000, 0x00000000c0800000| Untracked 
|   9|0x00000000c0900000, 0x00000000c0900000, 0x00000000c0a00000|  0%| F|  |TAMS 0x00000000c0900000, 0x00000000c0900000| Untracked 
|  10|0x00000000c0a00000, 0x00000000c0a00000, 0x00000000c0b00000|  0%| F|  |TAMS 0x00000000c0a00000, 0x00000000c0a00000| Untracked 
|  11|0x00000000c0b00000, 0x00000000c0b00000, 0x00000000c0c00000|  0%| F|  |TAMS 0x00000000c0b00000, 0x00000000c0b00000| Untracked 
|  12|0x00000000c0c00000, 0x00000000c0c00000, 0x00000000c0d00000|  0%| F|  |TAMS 0x00000000c0c00000, 0x00000000c0c00000| Untracked 
|  13|0x00000000c0d00000, 0x00000000c0d00000, 0x00000000c0e00000|  0%| F|  |TAMS 0x00000000c0d00000, 0x00000000c0d00000| Untracked 
|  14|0x00000000c0e00000, 0x00000000c0e00000, 0x00000000c0f00000|  0%| F|  |TAMS 0x00000000c0e00000, 0x00000000c0e00000| Untracked 
|  15|0x00000000c0f00000, 0x00000000c0f00000, 0x00000000c1000000|  0%| F|  |TAMS 0x00000000c0f00000, 0x00000000c0f00000| Untracked 
|  16|0x00000000c1000000, 0x00000000c1000000, 0x00000000c1100000|  0%| F|  |TAMS 0x00000000c1000000, 0x00000000c1000000| Untracked 
|  17|0x00000000c1100000, 0x00000000c1100000, 0x00000000c1200000|  0%| F|  |TAMS 0x00000000c1100000, 0x00000000c1100000| Untracked 
|  18|0x00000000c1200000, 0x00000000c1200000, 0x00000000c1300000|  0%| F|  |TAMS 0x00000000c1200000, 0x00000000c1200000| Untracked 
|  19|0x00000000c1300000, 0x00000000c1300000, 0x00000000c1400000|  0%| F|  |TAMS 0x00000000c1300000, 0x00000000c1300000| Untracked 
|  20|0x00000000c1400000, 0x00000000c1400000, 0x00000000c1500000|  0%| F|  |TAMS 0x00000000c1400000, 0x00000000c1400000| Untracked 
|  21|0x00000000c1500000, 0x00000000c1500000, 0x00000000c1600000|  0%| F|  |TAMS 0x00000000c1500000, 0x00000000c1500000| Untracked 
|  22|0x00000000c1600000, 0x00000000c1600000, 0x00000000c1700000|  0%| F|  |TAMS 0x00000000c1600000, 0x00000000c1600000| Untracked 
|  23|0x00000000c1700000, 0x00000000c1700000, 0x00000000c1800000|  0%| F|  |TAMS 0x00000000c1700000, 0x00000000c1700000| Untracked 
|  24|0x00000000c1800000, 0x00000000c1800000, 0x00000000c1900000|  0%| F|  |TAMS 0x00000000c1800000, 0x00000000c1800000| Untracked 
|  25|0x00000000c1900000, 0x00000000c1900000, 0x00000000c1a00000|  0%| F|  |TAMS 0x00000000c1900000, 0x00000000c1900000| Untracked 
|  26|0x00000000c1a00000, 0x00000000c1a00000, 0x00000000c1b00000|  0%| F|  |TAMS 0x00000000c1a00000, 0x00000000c1a00000| Untracked 
|  27|0x00000000c1b00000, 0x00000000c1b00000, 0x00000000c1c00000|  0%| F|  |TAMS 0x00000000c1b00000, 0x00000000c1b00000| Untracked 
|  28|0x00000000c1c00000, 0x00000000c1c00000, 0x00000000c1d00000|  0%| F|  |TAMS 0x00000000c1c00000, 0x00000000c1c00000| Untracked 
|  29|0x00000000c1d00000, 0x00000000c1d00000, 0x00000000c1e00000|  0%| F|  |TAMS 0x00000000c1d00000, 0x00000000c1d00000| Untracked 
|  30|0x00000000c1e00000, 0x00000000c1e00000, 0x00000000c1f00000|  0%| F|  |TAMS 0x00000000c1e00000, 0x00000000c1e00000| Untracked 
|  31|0x00000000c1f00000, 0x00000000c1f00000, 0x00000000c2000000|  0%| F|  |TAMS 0x00000000c1f00000, 0x00000000c1f00000| Untracked 
|  32|0x00000000c2000000, 0x00000000c2000000, 0x00000000c2100000|  0%| F|  |TAMS 0x00000000c2000000, 0x00000000c2000000| Untracked 
|  33|0x00000000c2100000, 0x00000000c2100000, 0x00000000c2200000|  0%| F|  |TAMS 0x00000000c2100000, 0x00000000c2100000| Untracked 
|  34|0x00000000c2200000, 0x00000000c2200000, 0x00000000c2300000|  0%| F|  |TAMS 0x00000000c2200000, 0x00000000c2200000| Untracked 
|  35|0x00000000c2300000, 0x00000000c2300000, 0x00000000c2400000|  0%| F|  |TAMS 0x00000000c2300000, 0x00000000c2300000| Untracked 
|  36|0x00000000c2400000, 0x00000000c2400000, 0x00000000c2500000|  0%| F|  |TAMS 0x00000000c2400000, 0x00000000c2400000| Untracked 
|  37|0x00000000c2500000, 0x00000000c2500000, 0x00000000c2600000|  0%| F|  |TAMS 0x00000000c2500000, 0x00000000c2500000| Untracked 
|  38|0x00000000c2600000, 0x00000000c2600000, 0x00000000c2700000|  0%| F|  |TAMS 0x00000000c2600000, 0x00000000c2600000| Untracked 
|  39|0x00000000c2700000, 0x00000000c2700000, 0x00000000c2800000|  0%| F|  |TAMS 0x00000000c2700000, 0x00000000c2700000| Untracked 
|  40|0x00000000c2800000, 0x00000000c2800000, 0x00000000c2900000|  0%| F|  |TAMS 0x00000000c2800000, 0x00000000c2800000| Untracked 
|  41|0x00000000c2900000, 0x00000000c2900000, 0x00000000c2a00000|  0%| F|  |TAMS 0x00000000c2900000, 0x00000000c2900000| Untracked 
|  42|0x00000000c2a00000, 0x00000000c2a00000, 0x00000000c2b00000|  0%| F|  |TAMS 0x00000000c2a00000, 0x00000000c2a00000| Untracked 
|  43|0x00000000c2b00000, 0x00000000c2b00000, 0x00000000c2c00000|  0%| F|  |TAMS 0x00000000c2b00000, 0x00000000c2b00000| Untracked 
|  44|0x00000000c2c00000, 0x00000000c2c00000, 0x00000000c2d00000|  0%| F|  |TAMS 0x00000000c2c00000, 0x00000000c2c00000| Untracked 
|  45|0x00000000c2d00000, 0x00000000c2d00000, 0x00000000c2e00000|  0%| F|  |TAMS 0x00000000c2d00000, 0x00000000c2d00000| Untracked 
|  46|0x00000000c2e00000, 0x00000000c2e00000, 0x00000000c2f00000|  0%| F|  |TAMS 0x00000000c2e00000, 0x00000000c2e00000| Untracked 
|  47|0x00000000c2f00000, 0x00000000c2f00000, 0x00000000c3000000|  0%| F|  |TAMS 0x00000000c2f00000, 0x00000000c2f00000| Untracked 
|  48|0x00000000c3000000, 0x00000000c3000000, 0x00000000c3100000|  0%| F|  |TAMS 0x00000000c3000000, 0x00000000c3000000| Untracked 
|  49|0x00000000c3100000, 0x00000000c3100000, 0x00000000c3200000|  0%| F|  |TAMS 0x00000000c3100000, 0x00000000c3100000| Untracked 
|  50|0x00000000c3200000, 0x00000000c3200000, 0x00000000c3300000|  0%| F|  |TAMS 0x00000000c3200000, 0x00000000c3200000| Untracked 
|  51|0x00000000c3300000, 0x00000000c3300000, 0x00000000c3400000|  0%| F|  |TAMS 0x00000000c3300000, 0x00000000c3300000| Untracked 
|  52|0x00000000c3400000, 0x00000000c3400000, 0x00000000c3500000|  0%| F|  |TAMS 0x00000000c3400000, 0x00000000c3400000| Untracked 
|  53|0x00000000c3500000, 0x00000000c3500000, 0x00000000c3600000|  0%| F|  |TAMS 0x00000000c3500000, 0x00000000c3500000| Untracked 
|  54|0x00000000c3600000, 0x00000000c3600000, 0x00000000c3700000|  0%| F|  |TAMS 0x00000000c3600000, 0x00000000c3600000| Untracked 
|  55|0x00000000c3700000, 0x00000000c3700000, 0x00000000c3800000|  0%| F|  |TAMS 0x00000000c3700000, 0x00000000c3700000| Untracked 
|  56|0x00000000c3800000, 0x00000000c3900000, 0x00000000c3900000|100%| S|CS|TAMS 0x00000000c3800000, 0x00000000c3800000| Complete 
|  57|0x00000000c3900000, 0x00000000c3900000, 0x00000000c3a00000|  0%| F|  |TAMS 0x00000000c3900000, 0x00000000c3900000| Untracked 
|  58|0x00000000c3a00000, 0x00000000c3a00000, 0x00000000c3b00000|  0%| F|  |TAMS 0x00000000c3a00000, 0x00000000c3a00000| Untracked 
|  59|0x00000000c3b00000, 0x00000000c3b00000, 0x00000000c3c00000|  0%| F|  |TAMS 0x00000000c3b00000, 0x00000000c3b00000| Untracked 
|  60|0x00000000c3c00000, 0x00000000c3c00000, 0x00000000c3d00000|  0%| F|  |TAMS 0x00000000c3c00000, 0x00000000c3c00000| Untracked 
|  61|0x00000000c3d00000, 0x00000000c3d80800, 0x00000000c3e00000| 50%| E|  |TAMS 0x00000000c3d00000, 0x00000000c3d00000| Complete 
|  62|0x00000000c3e00000, 0x00000000c3f00000, 0x00000000c3f00000|100%| E|CS|TAMS 0x00000000c3e00000, 0x00000000c3e00000| Complete 
|  63|0x00000000c3f00000, 0x00000000c4000000, 0x00000000c4000000|100%| E|CS|TAMS 0x00000000c3f00000, 0x00000000c3f00000| Complete 

Card table byte_map: [0x00000136b81d0000,0x00000136b83d0000] _byte_map_base: 0x00000136b7bd0000

Marking Bits (Prev, Next): (CMBitMap*) 0x000001369edbc938, (CMBitMap*) 0x000001369edbc978
 Prev Bits: [0x00000136b85d0000, 0x00000136b95d0000)
 Next Bits: [0x00000136b95d0000, 0x00000136ba5d0000)

Polling page: 0x000001369ebc0000

Metaspace:

Usage:
  Non-class:      5.25 MB capacity,     2.25 MB ( 43%) used,     3.00 MB ( 57%) free+waste,     4.19 KB ( <1%) overhead. 
      Class:    617.00 KB capacity,   284.30 KB ( 46%) used,   330.26 KB ( 54%) free+waste,     2.44 KB ( <1%) overhead. 
       Both:      5.86 MB capacity,     2.52 MB ( 43%) used,     3.33 MB ( 57%) free+waste,     6.63 KB ( <1%) overhead. 

Virtual space:
  Non-class space:        8.00 MB reserved,       5.50 MB ( 69%) committed 
      Class space:        1.00 GB reserved,     640.00 KB ( <1%) committed 
             Both:        1.01 GB reserved,       6.13 MB ( <1%) committed 

Chunk freelists:
   Non-Class:  0 bytes
       Class:  23.00 KB
        Both:  23.00 KB

MaxMetaspaceSize: 17179869184.00 GB
CompressedClassSpaceSize: 1.00 GB

CodeHeap 'non-profiled nmethods': size=120064Kb used=177Kb max_used=177Kb free=119886Kb
 bounds [0x00000136b0520000, 0x00000136b0790000, 0x00000136b7a60000]
CodeHeap 'profiled nmethods': size=120000Kb used=1217Kb max_used=1217Kb free=118782Kb
 bounds [0x00000136a8ff0000, 0x00000136a9260000, 0x00000136b0520000]
CodeHeap 'non-nmethods': size=5696Kb used=1155Kb max_used=1164Kb free=4540Kb
 bounds [0x00000136a8a60000, 0x00000136a8cd0000, 0x00000136a8ff0000]
 total_blobs=1441 nmethods=633 adapters=297
 compilation: enabled
              stopped_count=0, restarted_count=0
 full_count=0

Compilation events (20 events):
Event: 0.533 Thread 0x00000136bc9b9000 nmethod 624 0x00000136a911bc10 code [0x00000136a911bde0, 0x00000136a911c178]
Event: 0.534 Thread 0x00000136bc9b9000  625       3       java.lang.Character::getType (9 bytes)
Event: 0.534 Thread 0x00000136bc9b9000 nmethod 625 0x00000136a911c290 code [0x00000136a911c440, 0x00000136a911c6a0]
Event: 0.534 Thread 0x00000136bc9b9000  626       3       java.lang.CharacterDataLatin1::getType (11 bytes)
Event: 0.534 Thread 0x00000136bc9b9000 nmethod 626 0x00000136a911c790 code [0x00000136a911c940, 0x00000136a911cb78]
Event: 0.535 Thread 0x00000136bc9b9000  627       3       java.lang.String::checkIndex (48 bytes)
Event: 0.536 Thread 0x00000136bc9b9000 nmethod 627 0x00000136a911cc90 code [0x00000136a911cf20, 0x00000136a911d9a0]
Event: 0.536 Thread 0x00000136bc9b9000  628       3       java.util.Calendar::internalSet (8 bytes)
Event: 0.536 Thread 0x00000136bc9b9000 nmethod 628 0x00000136a911dd90 code [0x00000136a911df40, 0x00000136a911e0f8]
Event: 0.537 Thread 0x00000136bc9b9000  629       3       jdk.internal.ref.PhantomCleanable::clean (16 bytes)
Event: 0.537 Thread 0x00000136bc9b9000 nmethod 629 0x00000136a911e210 code [0x00000136a911e3e0, 0x00000136a911e720]
Event: 0.537 Thread 0x00000136bc9b9000  630       3       jdk.internal.ref.CleanerImpl$PhantomCleanableRef::performCleanup (10 bytes)
Event: 0.537 Thread 0x00000136bc9b9000 nmethod 630 0x00000136a911e810 code [0x00000136a911e9c0, 0x00000136a911ec10]
Event: 0.538 Thread 0x00000136bc9b9000  631  s    3       jdk.internal.perf.PerfCounter::add (18 bytes)
Event: 0.538 Thread 0x00000136bc9b9000 nmethod 631 0x00000136a911ed10 code [0x00000136a911eee0, 0x00000136a911f600]
Event: 0.539 Thread 0x00000136bc9b9000  632   !   3       java.nio.DirectLongBufferU::get (31 bytes)
Event: 0.539 Thread 0x00000136bc9b9000 nmethod 632 0x00000136a911f790 code [0x00000136a911f960, 0x00000136a911fcd8]
Event: 0.539 Thread 0x00000136bc9b9000  633   !   3       java.nio.DirectLongBufferU::put (34 bytes)
Event: 0.539 Thread 0x00000136bc9b9000 nmethod 633 0x00000136a911ff10 code [0x00000136a91200e0, 0x00000136a9120458]
Event: 0.540 Thread 0x00000136bc9b9000  635       3       java.util.WeakHashMap::put (162 bytes)

GC Heap History (2 events):
Event: 0.445 GC heap before
{Heap before GC invocations=0 (full 0):
 garbage-first heap   total 65536K, used 6144K [0x00000000c0000000, 0x0000000100000000)
  region size 1024K, 7 young (7168K), 0 survivors (0K)
 Metaspace       used 2085K, capacity 5601K, committed 5760K, reserved 1056768K
  class space    used 195K, capacity 549K, committed 640K, reserved 1048576K
}
Event: 0.471 GC heap after
{Heap after GC invocations=1 (full 0):
 garbage-first heap   total 65536K, used 2612K [0x00000000c0000000, 0x0000000100000000)
  region size 1024K, 1 young (1024K), 1 survivors (1024K)
 Metaspace       used 2085K, capacity 5601K, committed 5760K, reserved 1056768K
  class space    used 195K, capacity 549K, committed 640K, reserved 1048576K
}

Deoptimization events (20 events):
Event: 0.208 Thread 0x000001369ed8d000 DEOPT PACKING pc=0x00000136b052d890 sp=0x000000293a8fd8b0
Event: 0.208 Thread 0x000001369ed8d000 DEOPT UNPACKING pc=0x00000136a8a6852f sp=0x000000293a8fd838 mode 2
Event: 0.238 Thread 0x000001369ed8d000 DEOPT PACKING pc=0x00000136a90517b2 sp=0x000000293a8fde40
Event: 0.238 Thread 0x000001369ed8d000 DEOPT UNPACKING pc=0x00000136a8aa845e sp=0x000000293a8fd2a8 mode 0
Event: 0.252 Thread 0x000001369ed8d000 DEOPT PACKING pc=0x00000136a902b4d0 sp=0x000000293a8f99a0
Event: 0.252 Thread 0x000001369ed8d000 DEOPT UNPACKING pc=0x00000136a8aa845e sp=0x000000293a8f8e28 mode 0
Event: 0.334 Thread 0x000001369ed8d000 Uncommon trap: trap_request=0xffffff45 fr.pc=0x00000136b052a2e4 relative=0x0000000000000044
Event: 0.334 Thread 0x000001369ed8d000 Uncommon trap: reason=unstable_if action=reinterpret pc=0x00000136b052a2e4 method=java.lang.CharacterData.of(I)Ljava/lang/CharacterData; @ 4 c2
Event: 0.334 Thread 0x000001369ed8d000 DEOPT PACKING pc=0x00000136b052a2e4 sp=0x000000293a8fdcf0
Event: 0.334 Thread 0x000001369ed8d000 DEOPT UNPACKING pc=0x00000136a8a6852f sp=0x000000293a8fdc90 mode 2
Event: 0.400 Thread 0x000001369ed8d000 Uncommon trap: trap_request=0xffffff45 fr.pc=0x00000136b05465d8 relative=0x00000000000000b8
Event: 0.400 Thread 0x000001369ed8d000 Uncommon trap: reason=unstable_if action=reinterpret pc=0x00000136b05465d8 method=org.codehaus.plexus.util.xml.pull.MXParser.more()C @ 8 c2
Event: 0.400 Thread 0x000001369ed8d000 DEOPT PACKING pc=0x00000136b05465d8 sp=0x000000293a8fe2f0
Event: 0.400 Thread 0x000001369ed8d000 DEOPT UNPACKING pc=0x00000136a8a6852f sp=0x000000293a8fe280 mode 2
Event: 0.492 Thread 0x000001369ed8d000 DEOPT PACKING pc=0x00000136a9047105 sp=0x000000293a8f9370
Event: 0.492 Thread 0x000001369ed8d000 DEOPT UNPACKING pc=0x00000136a8aa845e sp=0x000000293a8f87d0 mode 0
Event: 0.533 Thread 0x000001369ed8d000 Uncommon trap: trap_request=0xffffff45 fr.pc=0x00000136b0529374 relative=0x00000000000003b4
Event: 0.533 Thread 0x000001369ed8d000 Uncommon trap: reason=unstable_if action=reinterpret pc=0x00000136b0529374 method=java.lang.StringLatin1.canEncode(I)Z @ 4 c2
Event: 0.533 Thread 0x000001369ed8d000 DEOPT PACKING pc=0x00000136b0529374 sp=0x000000293a8fdcd0
Event: 0.533 Thread 0x000001369ed8d000 DEOPT UNPACKING pc=0x00000136a8a6852f sp=0x000000293a8fdbf8 mode 2

Classes unloaded (0 events):
No events

Classes redefined (0 events):
No events

Internal exceptions (1 events):
Event: 0.379 Thread 0x000001369ed8d000 Exception <a 'java/lang/NoSuchMethodError'{0x00000000c3aacd28}: 'int java.lang.invoke.DirectMethodHandle$Holder.invokeSpecialIFC(java.lang.Object, java.lang.Object, int)'> (0x00000000c3aacd28) 
thrown [t:/workspace/open/src/hotspot/share/interpreter/linkResolver.cpp, line 767]

Events (20 events):
Event: 0.521 loading class com/google/inject/matcher/Matcher
Event: 0.521 loading class com/google/inject/matcher/Matcher done
Event: 0.522 loading class java/text/ParseException
Event: 0.523 loading class java/text/ParseException done
Event: 0.533 loading class sun/text/resources/cldr/FormatData_en_US
Event: 0.533 loading class sun/text/resources/cldr/FormatData_en_US done
Event: 0.536 loading class org/codehaus/plexus/logging/console/ConsoleLoggerManager
Event: 0.536 loading class org/codehaus/plexus/logging/console/ConsoleLoggerManager done
Event: 0.537 loading class org/codehaus/plexus/logging/AbstractLoggerManager
Event: 0.537 loading class org/codehaus/plexus/logging/AbstractLoggerManager done
Event: 0.537 loading class org/codehaus/plexus/logging/console/ConsoleLogger
Event: 0.537 loading class org/codehaus/plexus/logging/console/ConsoleLogger done
Event: 0.538 loading class org/codehaus/plexus/logging/AbstractLogger
Event: 0.538 loading class org/codehaus/plexus/logging/AbstractLogger done
Event: 0.538 loading class org/codehaus/plexus/context/DefaultContext
Event: 0.538 loading class org/codehaus/plexus/context/DefaultContext done
Event: 0.539 loading class org/codehaus/plexus/context/ContextException
Event: 0.539 loading class org/codehaus/plexus/context/ContextException done
Event: 0.539 loading class org/codehaus/plexus/context/ContextMapAdapter
Event: 0.539 loading class org/codehaus/plexus/context/ContextMapAdapter done


Dynamic libraries:
0x00007ff7342c0000 - 0x00007ff7342cf000 	C:\Program Files\Java\jdk-13.0.2\bin\java.exe
0x00007ff985920000 - 0x00007ff985b10000 	C:\WINDOWS\SYSTEM32\ntdll.dll
0x00007ff985560000 - 0x00007ff985612000 	C:\WINDOWS\System32\KERNEL32.DLL
0x00007ff983660000 - 0x00007ff983905000 	C:\WINDOWS\System32\KERNELBASE.dll
0x00007ff983260000 - 0x00007ff98335a000 	C:\WINDOWS\System32\ucrtbase.dll
0x00007ff958b30000 - 0x00007ff958b45000 	C:\Program Files\Java\jdk-13.0.2\bin\VCRUNTIME140.dll
0x00007ff965fa0000 - 0x00007ff965fb8000 	C:\Program Files\Java\jdk-13.0.2\bin\jli.dll
0x00007ff984ea0000 - 0x00007ff984f43000 	C:\WINDOWS\System32\ADVAPI32.dll
0x00007ff984f50000 - 0x00007ff984fee000 	C:\WINDOWS\System32\msvcrt.dll
0x00007ff9841e0000 - 0x00007ff984277000 	C:\WINDOWS\System32\sechost.dll
0x00007ff9842e0000 - 0x00007ff9843ff000 	C:\WINDOWS\System32\RPCRT4.dll
0x00007ff985690000 - 0x00007ff985824000 	C:\WINDOWS\System32\USER32.dll
0x00007ff9839a0000 - 0x00007ff9839c1000 	C:\WINDOWS\System32\win32u.dll
0x00007ff983b50000 - 0x00007ff983b76000 	C:\WINDOWS\System32\GDI32.dll
0x00007ff983360000 - 0x00007ff9834f8000 	C:\WINDOWS\System32\gdi32full.dll
0x00007ff982890000 - 0x00007ff98292e000 	C:\WINDOWS\System32\msvcp_win.dll
0x00007ff973110000 - 0x00007ff973394000 	C:\WINDOWS\WinSxS\amd64_microsoft.windows.common-controls_6595b64144ccf1df_6.0.18362.1440_none_9e7dbfb9e45e8e67\COMCTL32.dll
0x00007ff984b60000 - 0x00007ff984e96000 	C:\WINDOWS\System32\combase.dll
0x00007ff983910000 - 0x00007ff983991000 	C:\WINDOWS\System32\bcryptPrimitives.dll
0x00007ff9798d0000 - 0x00007ff9798da000 	C:\WINDOWS\SYSTEM32\VERSION.dll
0x00007ff983d60000 - 0x00007ff983d8e000 	C:\WINDOWS\System32\IMM32.DLL
0x00007ff954690000 - 0x00007ff95472b000 	C:\Program Files\Java\jdk-13.0.2\bin\msvcp140.dll
0x00007ff9549c0000 - 0x00007ff95551d000 	C:\Program Files\Java\jdk-13.0.2\bin\server\jvm.dll
0x00007ff985550000 - 0x00007ff985558000 	C:\WINDOWS\System32\PSAPI.DLL
0x00007ff980620000 - 0x00007ff980644000 	C:\WINDOWS\SYSTEM32\WINMM.dll
0x00007ff965150000 - 0x00007ff965159000 	C:\WINDOWS\SYSTEM32\WSOCK32.dll
0x00007ff984ff0000 - 0x00007ff98505f000 	C:\WINDOWS\System32\WS2_32.dll
0x00007ff9805f0000 - 0x00007ff98061d000 	C:\WINDOWS\SYSTEM32\WINMMBASE.dll
0x00007ff982930000 - 0x00007ff98297a000 	C:\WINDOWS\System32\cfgmgr32.dll
0x00007ff9827e0000 - 0x00007ff9827f1000 	C:\WINDOWS\System32\kernel.appcore.dll
0x00007ff958ae0000 - 0x00007ff958af0000 	C:\Program Files\Java\jdk-13.0.2\bin\verify.dll
0x00007ff972850000 - 0x00007ff972a44000 	C:\WINDOWS\SYSTEM32\DBGHELP.DLL
0x00007ff9725d0000 - 0x00007ff9725fa000 	C:\WINDOWS\SYSTEM32\dbgcore.DLL
0x00007ff958aa0000 - 0x00007ff958ac6000 	C:\Program Files\Java\jdk-13.0.2\bin\java.dll
0x00007ff958a80000 - 0x00007ff958a97000 	C:\Program Files\Java\jdk-13.0.2\bin\zip.dll
0x00007ff958a70000 - 0x00007ff958a7a000 	C:\Program Files\Java\jdk-13.0.2\bin\jimage.dll
0x00007ff984400000 - 0x00007ff984ae8000 	C:\WINDOWS\System32\SHELL32.dll
0x00007ff9839d0000 - 0x00007ff983a77000 	C:\WINDOWS\System32\shcore.dll
0x00007ff982ae0000 - 0x00007ff98325b000 	C:\WINDOWS\System32\windows.storage.dll
0x00007ff982820000 - 0x00007ff98283e000 	C:\WINDOWS\System32\profapi.dll
0x00007ff982840000 - 0x00007ff98288a000 	C:\WINDOWS\System32\powrprof.dll
0x00007ff9827d0000 - 0x00007ff9827e0000 	C:\WINDOWS\System32\UMPDC.dll
0x00007ff984280000 - 0x00007ff9842d2000 	C:\WINDOWS\System32\shlwapi.dll
0x00007ff9829e0000 - 0x00007ff9829f7000 	C:\WINDOWS\System32\cryptsp.dll
0x00007ff958a50000 - 0x00007ff958a69000 	C:\Program Files\Java\jdk-13.0.2\bin\net.dll
0x00007ff97beb0000 - 0x00007ff97bfaa000 	C:\WINDOWS\SYSTEM32\WINHTTP.dll
0x00007ff981fb0000 - 0x00007ff982017000 	C:\WINDOWS\system32\mswsock.dll
0x00007ff958a30000 - 0x00007ff958a43000 	C:\Program Files\Java\jdk-13.0.2\bin\nio.dll

dbghelp: loaded successfully - version: 4.0.5 - missing functions: none
symbol engine: initialized successfully - sym options: 0x614 - pdb path: .;C:\Program Files\Java\jdk-13.0.2\bin;C:\WINDOWS\SYSTEM32;C:\WINDOWS\WinSxS\amd64_microsoft.windows.common-controls_6595b64144ccf1df_6.0.18362.1440_none_9e7dbfb9e45e8e67;C:\Program Files\Java\jdk-13.0.2\bin\server

VM Arguments:
jvm_args: -Dclassworlds.conf=C:\Program Files\NetBeans-11.3\netbeans\java\maven\bin\m2.conf -Dmaven.home=C:\Program Files\NetBeans-11.3\netbeans\java\maven -Dmaven.multiModuleProjectDirectory=C:\Users\SylvainPro\Documents\NetBeansProjects\API-LaSocieteNouvelle 
java_command: org.codehaus.plexus.classworlds.launcher.Launcher -Dmaven.ext.class.path=C:\Program Files\NetBeans-11.3\netbeans\java\maven-nblib\netbeans-eventspy.jar -Dfile.encoding=UTF-8 clean install
java_class_path (initial): C:\Program Files\NetBeans-11.3\netbeans\java\maven\boot\plexus-classworlds-2.5.2.jar
Launcher Type: SUN_STANDARD

[Global flags]
     intx CICompilerCount                          = 2                                         {product} {ergonomic}
     uint ConcGCThreads                            = 1                                         {product} {ergonomic}
     uint G1ConcRefinementThreads                  = 2                                         {product} {ergonomic}
   size_t G1HeapRegionSize                         = 1048576                                   {product} {ergonomic}
    uintx GCDrainStackTargetSize                   = 64                                        {product} {ergonomic}
   size_t InitialHeapSize                          = 67108864                                  {product} {ergonomic}
   size_t MarkStackSize                            = 4194304                                   {product} {ergonomic}
   size_t MaxHeapSize                              = 1073741824                                {product} {ergonomic}
   size_t MaxNewSize                               = 643825664                                 {product} {ergonomic}
   size_t MinHeapDeltaBytes                        = 1048576                                   {product} {ergonomic}
   size_t MinHeapSize                              = 8388608                                   {product} {ergonomic}
    uintx NonNMethodCodeHeapSize                   = 5826188                                {pd product} {ergonomic}
    uintx NonProfiledCodeHeapSize                  = 122916026                              {pd product} {ergonomic}
    uintx ProfiledCodeHeapSize                     = 122916026                              {pd product} {ergonomic}
    uintx ReservedCodeCacheSize                    = 251658240                              {pd product} {ergonomic}
     bool SegmentedCodeCache                       = true                                      {product} {ergonomic}
   size_t SoftMaxHeapSize                          = 1073741824                             {manageable} {ergonomic}
     bool UseCompressedClassPointers               = true                                 {lp64_product} {ergonomic}
     bool UseCompressedOops                        = true                                 {lp64_product} {ergonomic}
     bool UseG1GC                                  = true                                      {product} {ergonomic}
     bool UseLargePagesIndividualAllocation        = false                                  {pd product} {ergonomic}

Logging:
Log output configuration:
 #0: stdout all=warning uptime,level,tags
 #1: stderr all=off uptime,level,tags

Environment Variables:
JAVA_HOME=C:\Program Files\Java\jdk-13.0.2
PATH=C:\Python39\Scripts\;C:\Python39\;C:\Program Files (x86)\Common Files\Oracle\Java\javapath;C:\WINDOWS\system32;C:\WINDOWS;C:\WINDOWS\System32\Wbem;C:\WINDOWS\System32\WindowsPowerShell\v1.0\;C:\WINDOWS\System32\OpenSSH\;C:\Program Files\Git\cmd;C:\Program Files\nodejs\;C:\ProgramData\chocolatey\bin;C:\Users\SylvainPro\AppData\Local\Microsoft\WindowsApps;;C:\Program Files\JetBrains\IntelliJ IDEA Community Edition 2019.3.3\bin;;C:\Program Files\JetBrains\IntelliJ IDEA 2019.3.3\bin;;C:\Users\SylvainPro\AppData\Roaming\npm;C:\Users\SylvainPro\AppData\Local\Programs\Microsoft VS Code\bin
USERNAME=SylvainPro
OS=Windows_NT
PROCESSOR_IDENTIFIER=Intel64 Family 6 Model 85 Stepping 4, GenuineIntel



---------------  S Y S T E M  ---------------

OS: Windows 10 , 64 bit Build 18362 (10.0.18362.1350)
HyperV virtualization detected

CPU:total 2 (initial active 2) (2 cores per cpu, 1 threads per core) family 6 model 85 stepping 4, cmov, cx8, fxsr, mmx, sse, sse2, sse3, ssse3, sse4.1, sse4.2, popcnt, avx, avx2, aes, clmul, erms, rtm, 3dnowpref, lzcnt, tsc, bmi1, bmi2, adx, evex, fma

Memory: 4k page, system-wide physical 4095M (290M free)
TotalPageFile size 5119M (AvailPageFile size 2M)
current process WorkingSet (physical memory assigned to process): 50M, peak: 50M
current process commit charge ("private bytes"): 142M, peak: 142M

vm_info: Java HotSpot(TM) 64-Bit Server VM (13.0.2+8) for windows-amd64 JRE (13.0.2+8), built on Dec 11 2019 09:20:33 by "mach5one" with unknown MS VC++:1916

END.
